<?xml version="1.0" encoding="UTF-8"?>
<!-- Generated by org.testng.reporters.JUnitReportReporter -->
<testsuite hostname="DESKTOP-AK61BLR" failures="0" tests="14" name="com.arekhava.languageschool.model.service.impl.CatalogServiceImplTest" time="3.846" errors="0" timestamp="2021-10-17T20:09:28 MSK" skipped="0">
  <testcase classname="com.arekhava.languageschool.model.service.impl.CatalogServiceImplTest" name="takeCoursesFromCategoryNegativeTest" time="0.006"/>
  <system-out/>
  <testcase classname="com.arekhava.languageschool.model.service.impl.CatalogServiceImplTest" name="takeCoursesFromCategoryServiceExceptionTest" time="0.008"/>
  <system-out/>
  <testcase classname="com.arekhava.languageschool.model.service.impl.CatalogServiceImplTest" name="takeAllLanguagesNegativeTest" time="0.053"/>
  <system-out/>
  <testcase classname="com.arekhava.languageschool.model.service.impl.CatalogServiceImplTest" name="takeAllLanguagesPositiveTest" time="0.006"/>
  <system-out/>
  <testcase classname="com.arekhava.languageschool.model.service.impl.CatalogServiceImplTest" name="takeCoursesWithNamePositiveTest" time="0.007"/>
  <system-out/>
  <testcase classname="com.arekhava.languageschool.model.service.impl.CatalogServiceImplTest" name="takeCourseByIdPositiveTest" time="0.015"/>
  <system-out/>
  <testcase classname="com.arekhava.languageschool.model.service.impl.CatalogServiceImplTest" name="takeCoursesLanguagePositiveTest" time="0.009"/>
  <system-out/>
  <testcase classname="com.arekhava.languageschool.model.service.impl.CatalogServiceImplTest" name="takeAllLanguagesServiceExceptionTest" time="0.009"/>
  <system-out/>
  <testcase classname="com.arekhava.languageschool.model.service.impl.CatalogServiceImplTest" name="takeCoursesWithNameServiceExceptionTest" time="0.012"/>
  <system-out/>
  <testcase classname="com.arekhava.languageschool.model.service.impl.CatalogServiceImplTest" name="takeCourseByIdServiceExceptionTest" time="0.010"/>
  <system-out/>
  <testcase classname="com.arekhava.languageschool.model.service.impl.CatalogServiceImplTest" name="takeCoursesWithNameNegativeTest" time="0.004"/>
  <system-out/>
  <testcase classname="com.arekhava.languageschool.model.service.impl.CatalogServiceImplTest" name="takeCourseByIdNegativeTest" time="0.004"/>
  <system-out/>
  <testcase classname="com.arekhava.languageschool.model.service.impl.CatalogServiceImplTest" name="changeCourseDataInvalidDataExceptionTest" time="0.007"/>
  <system-out/>
  <testcase classname="com.arekhava.languageschool.model.service.impl.CatalogServiceImplTest" name="addCourseInvalidDataExceptionTest" time="3.696"/>
  <system-out/>
</testsuite> <!-- com.arekhava.languageschool.model.service.impl.CatalogServiceImplTest -->
